1.014 1
1.014 0
1.022 1
1.022 0
1.03 1
1.03 0
1.038 1
1.038 0
1.039333 0
1.046 1
1.046 0
1.047333 0
1.054 1
1.054 0
1.055333 0
1.062 1
1.062 0
1.063333 0
1.07 1
1.07 0
1.071333 0
1.078 1
1.078 0
1.079333 0
1.086 1
1.086 0
1.087333 0
1.094 1
1.094 0
1.095333 0
1.102 1
1.102 0
1.103333 0
1.11 1
1.11 0
1.111333 0
1.118 1
1.118 0
1.119333 0
1.126 1
1.126 0
1.127333 0
1.134 1
1.134 0
1.135333 0
1.142 1
1.142 0
1.143333 0
1.15 1
1.15 0
1.151333 0
1.158 1
1.158 0
1.159333 0
1.166 1
1.166 0
1.167333 0
1.174 1
1.174 0
1.175333 0
1.182 1
1.182 0
1.183333 0
1.19 1
1.19 0
1.191333 0
1.198 1
1.198 0
1.199333 0
1.206 1
1.206 0
1.207333 0
1.214 1
1.214 0
1.215333 0
1.222 1
1.222 0
1.223333 0
1.23 1
1.23 0
1.231333 0
1.238 1
1.238 0
1.239333 0
1.246 1
1.246 0
1.247333 0
1.254 1
1.254 0
1.255333 0
1.262 1
1.262 0
1.263333 0
1.27 1
1.27 0
1.271333 0
1.278 1
1.278 0
1.279333 0
1.286 1
1.286 0
1.287333 0
1.294 1
1.294 0
1.295333 0
1.302 1
1.302 0
1.303333 0
1.31 1
1.31 0
1.311333 0
1.318 1
1.318 0
1.319333 0
1.326 1
1.326 0
1.327333 0
1.334 1
1.334 0
1.335333 0
1.342 1
1.342 0
1.343333 0
1.35 1
1.35 0
1.351333 0
1.358 1
1.358 0
1.359333 0
1.366 1
1.366 0
1.367333 0
1.374 1
1.374 0
1.375333 0
1.382 1
1.382 0
1.383333 0
1.39 1
1.39 0
1.391333 0
1.398 1
1.398 0
1.399333 0
1.406 1
1.406 0
1.407333 0
1.414 1
1.414 0
1.415333 0
1.422 1
1.422 0
1.423333 0
1.43 1
1.43 0
1.431333 0
1.438 1
1.438 0
1.439333 0
1.446 1
1.446 0
1.447333 0
1.454 1
1.454 0
1.455333 0
1.462 1
1.462 0
1.463333 0
1.47 1
1.47 0
1.471333 0
1.478 1
1.478 0
1.479333 0
1.486 1
1.486 0
1.487333 0
1.494 1
1.494 0
1.495333 0
1.502 1
1.502 0
1.503333 0
1.51 1
1.51 0
1.511333 0
1.518 1
1.518 0
1.519333 0
1.526 1
1.526 0
1.527333 0
1.534 1
1.534 0
1.535333 0
1.542 1
1.542 0
1.543333 0
1.55 1
1.55 0
1.551333 0
1.558 1
1.558 0
1.559333 0
1.566 1
1.566 0
1.567333 0
1.574 1
1.574 0
1.575333 0
1.582 1
1.582 0
1.583333 0
1.59 1
1.59 0
1.591333 0
1.598 1
1.598 0
1.599333 0
1.606 1
1.606 0
1.607333 0
1.614 1
1.614 0
1.615333 0
1.622 1
1.622 0
1.623333 0
1.63 1
1.63 0
1.631333 0
1.638 1
1.638 0
1.639333 0
1.646 1
1.646 0
1.647333 0
1.654 1
1.654 0
1.655333 0
1.662 1
1.662 0
1.663333 0
1.67 1
1.67 0
1.671333 0
1.678 1
1.678 0
1.679333 0
1.686 1
1.686 0
1.687333 0
1.694 1
1.694 0
1.695333 0
1.702 1
1.702 0
1.703333 0
1.71 1
1.71 0
1.711333 0
1.718 1
1.718 0
1.719333 0
1.726 1
1.726 0
1.727333 0
1.734 1
1.734 0
1.735333 0
1.742 1
1.742 0
1.743333 0
1.75 1
1.75 0
1.751333 0
1.758 1
1.758 0
1.759333 0
1.766 1
1.766 0
1.767333 0
1.774 1
1.774 0
1.775333 0
1.782 1
1.782 0
1.783333 0
1.79 1
1.79 0
1.791333 0
1.798 1
1.798 0
1.799333 0
1.806 1
1.806 0
1.807333 0
1.814 1
1.814 0
1.815333 0
1.822 1
1.822 0
1.823333 0
1.83 1
1.83 0
1.831333 0
1.838 1
1.838 0
1.839333 0
1.846 1
1.846 0
1.847333 0
1.854 1
1.854 0
1.855333 0
1.862 1
1.862 0
1.863333 0
1.87 1
1.87 0
1.871333 0
1.878 1
1.878 0
1.879333 0
1.886 1
1.886 0
1.887333 0
1.894 1
1.894 0
1.895333 0
1.902 1
1.902 0
1.903333 0
1.91 1
1.91 0
1.911333 0
1.918 1
1.918 0
1.919333 0
1.926 1
1.926 0
1.927333 0
1.934 1
1.934 0
1.935333 0
1.942 1
1.942 0
1.943333 0
1.95 1
1.95 0
1.951333 0
1.958 1
1.958 0
1.959333 0
1.966 1
1.966 0
1.967333 0
1.974 1
1.974 0
1.975333 0
1.982 1
1.982 0
1.983333 0
1.99 1
1.99 0
1.991333 0
1.998 1
1.998 0
1.999333 0
2.006 1
2.006 0
2.007333 0
2.01016 1
2.011333 0
2.014 1
2.014 0
2.015333 0
2.022 1
2.022 0
2.023333 0
2.03 1
2.03 0
2.031333 0
2.031547 0
2.038 1
2.038 0
2.039333 0
2.046 1
2.046 0
2.047333 0
2.054 1
2.054 0
2.055333 0
2.062 1
2.062 0
2.063333 0
2.07 1
2.07 0
2.071333 0
2.07608 1
2.07608 0
2.078 1
2.079333 1
2.08024 2
2.081627 1
2.086 2
2.08696 1
2.087333 1
2.092507 0
2.094 1
2.095333 1
2.09784 0
2.101627 0
2.102 1
2.103173 0
2.10696 0
2.11 1
2.11 0
2.112507 0
2.11784 0
2.118 1
2.118 0
2.123173 0
2.126 1
2.126 0
2.128507 0
2.134 1
2.134 0
2.135333 0
2.142 1
2.142 0
2.143333 0
2.14616 1
2.147333 0
2.15 1
2.15032 2
2.151333 2
2.15288 1
2.15704 2
2.158 3
2.158213 2
2.159333 2
2.1612 3
2.16376 2
2.166 3
2.167333 3
2.169307 2
2.17288 2
2.174 3
2.17464 2
2.178213 2
2.180187 1
2.182 2
2.18376 2
2.18552 1
2.189307 1
2.19 2
2.190853 1
2.19464 1
2.196187 0
2.198 1
2.200187 1
2.20152 0
2.20552 0
2.206 1
2.206853 0
2.210853 0
2.214 1
2.214 0
2.216187 0
2.217413 1
2.219333 0
2.22152 0
2.221573 1
2.222 2
2.22488 1
2.226853 1
2.228293 2
2.23 3
2.230427 2
2.232187 2
2.232453 3
2.23576 2
2.236613 3
2.238 4
2.239333 4
2.240773 5
2.241307 4
2.24488 4
2.244933 5
2.246 6
2.24664 5
2.249093 6
2.250427 6
2.252187 5
2.254 6
2.25576 6
2.257733 5
2.261307 5
2.262 6
2.263067 5
2.26664 5
2.268613 4
2.27 5
2.272187 5
2.27416 4
2.277733 4
2.278 5
2.279493 4
2.283067 4
2.28504 3
2.286 4
2.288613 4
2.289413 5
2.290373 4
2.293573 5
2.294 6
2.29416 6
2.295707 5
2.297733 6
2.299493 6
2.30104 5
2.301893 6
2.302 7
2.30504 7
2.306053 8
2.306373 7
2.31 8
2.310213 9
2.310373 9
2.311707 8
2.315707 8
2.31672 9
2.317253 8
2.318 9
2.32088 10
2.32088 9
2.32104 9
2.3228 8
2.32504 9
2.326 10
2.326 9
2.326373 9
2.328133 8
2.3292 9
2.331707 9
2.33336 10
2.33336 9
2.33368 8
2.334 9
2.337253 9
2.33752 10
2.33752 9
2.339227 8
2.34168 9
2.342 10
2.342 9
2.3428 9
2.34456 8
2.34584 9
2.348133 9
2.35 10
2.35 9
2.35 10
2.35 9
2.350107 8
2.35368 8
2.35416 9
2.35544 8
2.358 9
2.359227 9
2.360987 8
2.36456 8
2.366 9
2.366533 8
2.370107 8
2.371867 7
2.374 8
2.37544 8
2.377413 7
2.380987 7
2.381787 8
2.382 9
2.38296 8
2.385947 9
2.386533 9
2.388293 8
2.39 9
2.390107 10
2.390107 9
2.391867 9
2.39384 8
2.394267 9
2.397413 9
2.398 10
2.398 9
2.398427 10
2.398427 9
2.399387 8
2.402587 9
2.40296 9
2.404933 8
2.406 9
2.406747 10
2.406747 9
2.408293 9
2.410267 8
2.410907 9
2.41384 9
2.414 10
2.414 9
2.415067 10
2.415067 9
2.4156 8
2.419387 8
2.420933 7
2.422 8
2.424933 8
2.42552 9
2.42648 8
2.43 9
2.430267 9
2.431067 10
2.431067 9
2.431813 8
2.4356 8
2.43736 7
2.438 8
2.440933 8
2.442693 7
2.446 8
2.44648 8
2.44824 7
2.451813 7
2.453787 6
2.454 7
2.45736 7
2.458373 8
2.45912 7
2.462 8
2.462693 8
2.464667 7
2.46824 7
2.47 6
2.47 7
2.473787 7
2.475547 6
2.478 7
2.47912 7
2.48088 6
2.484667 6
2.486 7
2.486213 6
2.49 6
2.491547 5
2.494 6
2.495547 6
2.49688 5
2.50088 5
2.502 6
2.502427 5
2.506213 5
2.50776 4
2.51 5
2.511547 5
2.513093 4
2.51688 4
2.518 5
2.518427 4
2.522427 4
2.52376 3
2.526 4
2.52776 4
2.529093 3
2.533093 3
2.534 4
2.534427 3
2.538427 3
2.53976 2
2.542 3
2.54376 3
2.545093 2
2.549093 2
2.55 3
2.550427 2
2.554427 2
2.55576 1
2.558 2
2.55976 2
2.561093 1
2.565093 1
2.566 2
2.566427 1
2.56696 2
2.570427 2
2.57112 3
2.57176 2
2.574 3
2.57576 3
2.577093 2
2.581093 2
2.582 3
2.58264 2
2.586427 2
2.588187 1
2.59 2
2.59176 2
2.59352 1
2.597093 1
2.598 2
2.598853 1
2.60264 1
2.604187 0
2.606 1
2.608187 1
2.60952 0
2.61352 0
2.614 1
2.614853 0
2.618853 0
2.622 1
2.622 0
2.624187 0
2.62952 0
2.63 1
2.63 0
2.634853 0
2.638 1
2.638 0
2.640187 0
2.646 1
2.646 0
2.647173 1
2.647333 1
2.651333 2
2.651333 1
2.654 2
2.655333 2
2.655493 3
2.65688 2
2.659653 3
2.662 4
2.662427 3
2.663333 3
2.663813 4
2.66776 3
2.667973 4
2.67 5
2.671333 5
2.673307 4
2.67688 4
2.678 5
2.678853 4
2.682427 4
2.684187 3
2.686 4
2.68776 4
2.689733 3
2.693307 3
2.694 4
2.69528 3
2.698853 3
2.700613 2
2.702 3
2.704187 3
2.705947 2
2.709733 2
2.71 3
2.71128 2
2.71528 2
2.716613 1
2.718 2
2.720613 2
2.721413 3
2.721947 2
2.725947 2
2.726 3
2.72696 4
2.72728 3
2.73128 3
2.732613 2
2.734 3
2.736613 3
2.73784 4
2.73816 3
2.741947 3
2.742 4
2.742 5
2.743493 4
2.74616 5
2.74728 5
2.74904 4
2.75 5
2.75032 6
2.752613 6
2.754373 5
2.75448 6
2.758 7
2.75816 7
2.75992 6
2.763493 6
2.765467 5
2.766 6
2.76904 6
2.7708 5
2.774 6
2.774373 6
2.776347 5
2.77992 5
2.78168 4
2.782 5
2.785467 5
2.787227 4
2.79 5
2.7908 5
2.792773 4
2.796347 4
2.798 5
2.798107 4
2.80168 4
2.802693 5
2.80344 4
2.806 5
2.807227 5
2.808773 4
2.812773 4
2.813573 5
2.814 6
2.814107 5
2.818107 5
2.81944 4
2.822 5
2.82344 5
2.824453 6
2.824773 5
2.828613 6
2.828773 6
2.83 7
2.83032 6
2.832773 7
2.834107 7
2.835653 6
2.838 7
2.83944 7
2.84088 8
2.8412 7
2.844773 7
2.84504 8
2.846 9
2.846533 8
2.85032 8
2.85176 9
2.851867 8
2.854 9
2.855653 9
2.857307 10
2.857307 9
2.857413 8
2.8612 8
2.861467 9
2.862 10
2.862 9
2.86296 8
2.866533 8
2.868293 7
2.87 8
2.871867 8
2.87384 7
2.877413 7
2.878 8
2.879173 7
2.88296 7
2.88472 6
2.886 7
2.888293 7
2.890267 6
2.89384 6
2.894 7
2.894853 8
2.8956 7
2.899173 7
2.901147 6
2.902 7
2.90472 7
2.905733 8
2.90648 7
2.91 8
2.910267 8
2.912027 7
2.9156 7
2.91736 6
2.918 7
2.921147 7
2.921947 8
2.922693 7
2.926 8
2.92648 8
2.927493 9
2.928027 8
2.932027 8
2.93336 7
2.934 8
2.93736 8
2.938373 9
2.938907 8
2.942 9
2.942693 9
2.94424 8
2.948027 8
2.949253 9
2.949787 8
2.95 9
2.95336 9
2.9548 10
2.9548 9
2.95512 8
2.958 9
2.958907 9
2.960453 8
2.96424 8
2.96568 9
2.966 8
2.966 9
2.969787 9
2.971333 8
2.974 9
2.97512 9
2.97656 10
2.97656 9
2.97688 8
2.980453 8
2.982 9
2.982213 8
2.986 8
2.98776 7
2.99 8
2.991333 8
2.993093 7
2.99688 7
2.998 8
2.99864 7
3.002213 7
3.00344 8
3.003973 7
3.006 8
3.00776 8
3.009307 7
3.013093 7
3.014 8
3.01432 9
3.014853 8
3.01864 8
3.020187 7
3.022 8
3.023973 8
3.02552 7
3.029307 7
3.03 8
3.030853 7
3.034853 7
3.036187 6
3.038 7
3.040187 7
3.04152 6
3.04552 6
3.046 7
3.047067 6
3.050853 6
3.0524 5
3.054 6
3.056187 6
3.057733 5
3.06152 5
3.062 6
3.06328 5
3.067067 5
3.068613 4
3.07 5
3.0724 5
3.073947 4
3.077733 4
3.078 5
3.07928 4
3.08328 4
3.084613 3
3.086 4
3.088613 4
3.089947 3
3.093947 3
3.094 4
3.09528 3
3.09928 3
3.100613 2
3.102 3
3.104613 3
3.105947 2
3.109947 2
3.11 3
3.11128 2
3.11528 2
3.116613 1
3.118 2
3.120613 2
3.121947 1
3.125947 1
3.126 2
3.12728 1
3.127813 2
3.13128 2
3.131973 3
3.132613 2
3.134 3
3.136613 3
3.137947 2
3.141947 2
3.142 3
3.143493 2
3.14728 2
3.14904 1
3.15 2
3.152613 2
3.154373 1
3.157947 1
3.158 2
3.159707 1
3.163493 1
3.16504 0
3.166 1
3.16904 1
3.170373 0
3.174 1
3.174373 1
3.175707 0
3.179707 0
3.182 1
3.182 0
3.18504 0
3.19 1
3.19 0
3.190373 0
3.195707 0
3.198 1
3.198 0
3.20104 0
3.206 1
3.206 0
3.207333 0
3.208027 1
3.211333 0
3.212187 1
3.214 2
3.215333 2
3.216347 3
3.21688 2
3.220507 3
3.222 4
3.222427 3
3.223333 3
3.22776 2
3.23 3
3.231333 3
3.233307 2
3.23688 2
3.238 3
3.238853 2
3.242427 2
3.244187 1
3.246 2
3.24776 2
3.24952 1
3.253307 1
3.254 2
3.254853 1
3.258853 1
3.260187 0
3.262 1
3.264187 1
3.26552 0
3.26952 0
3.27 1
3.270853 0
3.274853 0
3.278 1
3.278 0
3.280187 0
3.281413 1
3.283333 0
3.28552 0
3.285573 1
3.286 2
3.28888 1
3.289733 2
3.290853 2
3.294 3
3.294427 2
3.296187 2
3.29784 3
3.29976 2
3.302 3
3.303333 3
3.303387 4
3.305307 3
3.30888 3
3.31 4
3.31064 3
3.314427 3
3.316187 2
3.318 3
3.31976 3
3.32152 2
3.325307 2
3.326 3
3.327067 2
3.33064 2
3.3324 1
3.334 2
3.336187 2
3.337733 1
3.34152 1
3.342 2
3.343067 1
3.347067 1
3.3484 0
3.35 1
3.3524 1
3.353413 2
3.353733 1
3.357733 1
3.358 2
3.35896 3
3.359067 2
3.363067 2
3.364613 1
3.366 2
3.3684 2
3.36984 3
3.369947 2
3.373733 2
3.374 3
3.375493 2
3.379067 2
3.38072 3
3.380827 2
3.382 3
3.384613 3
3.386373 2
3.389947 2
3.39 3
3.3916 4
3.391707 3
3.395493 3
3.39576 4
3.397253 3
3.398 4
3.400827 4
3.402587 3
3.406 4
3.406373 4
3.40792 3
3.411707 3
3.413467 2
3.414 3
3.417253 3
3.419013 2
3.422 3
3.422587 3
3.424347 2
3.42792 2
3.429147 3
3.42968 2
3.43 3
3.433467 3
3.435013 2
3.438 3
3.439013 3
3.440027 4
3.440347 3
3.444347 3
3.445893 2
3.446 3
3.44968 3
3.450907 4
3.451227 3
3.454 4
3.455013 4
3.45656 3
3.460347 3
3.461787 4
3.462 5
3.462107 4
3.465893 4
3.46744 3
3.47 4
3.471227 4
3.472987 3
3.47656 3
3.478 4
3.478 5
3.47832 4
3.482107 4
3.483547 5
3.483867 4
3.486 5
3.48744 5
3.487707 6
3.4892 5
3.492987 5
3.494 6
3.494533 5
3.49832 5
3.50008 4
3.502 5
3.503867 5
3.505413 4
3.5092 4
3.51 5
3.510427 6
3.51096 5
3.514533 5
3.516293 4
3.518 5
3.52008 5
3.52184 4
3.525413 4
3.526 5
3.52664 6
3.527173 5
3.53096 5
3.532507 4
3.534 5
3.536293 5
3.53752 6
3.53784 5
3.54184 5
3.542 6
3.543387 5
3.547173 5
3.5484 6
3.54872 5
3.55 6
3.552507 6
3.554053 5
3.55784 5
3.558 6
3.5596 5
3.563387 5
3.564613 6
3.564933 5
3.566 6
3.56872 6
3.57048 5
3.574 6
3.574053 6
3.575493 7
3.575813 6
3.5796 6
3.58136 5
3.582 6
3.584933 6
3.586373 7
3.586693 6
3.59 7
3.59048 7
3.592027 6
3.595813 6
3.597573 5
3.598 6
3.60136 6
3.602907 5
3.606 6
3.606693 6
3.60792 7
3.60824 6
3.612027 6
3.61208 7
3.613787 6
3.614 7
3.617573 7
3.61912 6
3.622 7
3.622907 7
3.624133 8
3.624667 7
3.62824 7
3.63 6
3.63 7
3.633787 7
3.635013 8
3.635333 7
3.638 8
3.63912 8
3.640667 7
3.644667 7
3.645893 8
3.646 9
3.646213 8
3.65 8
3.65176 7
3.654 8
3.655333 8
3.657093 7
3.660667 7
3.662 8
3.662107 9
3.662427 8
3.666213 8
3.667973 7
3.67 8
3.67176 8
3.673307 7
3.677093 7
3.678 8
3.67832 9
3.678853 8
3.682427 8
3.684187 7
3.686 8
3.687973 8
3.6892 9
3.689733 8
3.693307 8
3.694 9
3.695067 8
3.698853 8
3.7004 7
3.702 8
3.704187 8
3.705733 7
3.709733 7
3.71 8
3.710747 9
3.71128 8
3.715067 8
3.716293 9
3.716613 8
3.718 9
3.7204 9
3.720453 10
3.720453 9
3.721947 8
3.725733 8
3.726 9
3.727493 8
3.73128 8
3.732507 9
3.732827 8
3.734 9
3.736613 9
3.738373 8
3.741947 8
3.742 9
3.743387 10
3.743387 9
3.743707 8
3.747493 8
3.74904 7
3.75 8
3.752827 8
3.754267 9
3.754373 8
3.758 9
3.758373 9
3.75992 8
3.763707 8
3.765467 7
3.766 8
3.76904 8
3.7708 7
3.774 8
3.774373 8
3.775813 9
3.776133 8
3.77992 8
3.78168 7
3.782 8
3.785467 8
3.787013 7
3.79 8
3.7908 8
3.792027 9
3.792347 8
3.796133 8
3.79768 7
3.798 8
3.80168 8
3.802907 9
3.803227 8
3.806 9
3.807013 9
3.80856 8
3.812347 8
3.813893 7
3.814 8
3.81768 8
3.819227 7
3.822 8
3.823227 8
3.824453 9
3.824773 8
3.82856 8
3.83 9
3.83 10
3.83 9
3.830107 8
3.833893 8
3.83544 7
3.838 8
3.839227 8
3.840987 7
3.844773 7
3.846 8
3.846213 9
3.84632 8
3.850107 8
3.851867 7
3.854 8
3.85544 8
3.8572 7
3.860987 7
3.862 8
3.862533 7
3.86632 7
3.86776 8
3.867867 7
3.87 8
3.871867 8
3.873413 7
3.8772 7
3.878 8
3.87896 7
3.882533 7
3.884293 6
3.886 7
3.887867 7
3.889307 8
3.889627 7
3.893413 7
3.894 8
3.895173 7
3.89896 7
3.900507 6
3.902 7
3.904293 7
3.90584 6
3.909627 6
3.91 7
3.911387 6
3.915173 6
3.91672 5
3.918 6
3.920507 6
3.922053 5
3.92584 5
3.926 6
3.927387 5
3.931387 5
3.932933 4
3.934 5
3.93672 5
3.938267 4
3.942 5
3.942053 5
3.9436 4
3.947387 4
3.948933 3
3.95 4
3.952933 4
3.954267 3
3.958 4
3.958267 4
3.9596 3
3.9636 3
3.964933 2
3.966 3
3.968933 3
3.970267 2
3.974 3
3.974267 3
3.9756 2
3.9796 2
3.980933 1
3.982 2
3.984933 2
3.986267 1
3.99 2
3.990267 2
3.9916 1
3.9956 1
3.996933 0
3.997467 1
3.998 2
4.000933 2
4.001627 3
4.002267 2
4.006 3
4.006267 3
4.007813 2
4.0116 2
4.013147 1
4.014 2
4.016933 2
4.018693 1
4.022 2
4.022267 2
4.024027 1
4.027813 1
4.02936 0
4.03 1
4.033147 1
4.034693 0
4.038 1
4.038693 1
4.040027 0
4.044027 0
4.046 1
4.046 0
4.04936 0
4.054 1
4.054 0
4.054693 0
4.060027 0
4.062 1
4.062 0
4.06536 0
4.07 1
4.07 0
4.071333 0
4.078 1
4.078 0
4.079333 0
4.086 1
4.086 0
4.087333 0
4.094 1
4.094 0
4.095333 0
4.102 1
4.102 0
4.103333 0
4.11 1
4.11 0
4.111333 0
4.118 1
4.118 0
4.119333 0
4.126 1
4.126 0
4.127333 0
4.134 1
4.134 0
4.135333 0
4.142 1
4.142 0
4.143333 0
4.15 1
4.15 0
4.151333 0
4.158 1
4.158 0
4.159333 0
4.166 1
4.166 0
4.167333 0
4.174 1
4.174 0
4.175333 0
4.182 1
4.182 0
4.183333 0
4.19 1
4.19 0
4.191333 0
4.198 1
4.198 0
4.199333 0
4.206 1
4.206 0
4.207333 0
4.214 1
4.214 0
4.215333 0
4.222 1
4.222 0
4.223333 0
4.23 1
4.23 0
4.231333 0
4.238 1
4.238 0
4.239333 0
4.246 1
4.246 0
4.247333 0
4.254 1
4.254 0
4.255333 0
4.262 1
4.262 0
4.263333 0
4.27 1
4.27 0
4.271333 0
4.278 1
4.278 0
4.279333 0
4.286 1
4.286 0
4.287333 0
4.294 1
4.294 0
4.295333 0
4.302 1
4.302 0
4.303333 0
4.31 1
4.31 0
4.311333 0
4.318 1
4.318 0
4.319333 0
4.326 1
4.326 0
4.327333 0
4.334 1
4.334 0
4.335333 0
4.342 1
4.342 0
4.343333 0
4.35 1
4.35 0
4.351333 0
4.358 1
4.358 0
4.359333 0
4.366 1
4.366 0
4.367333 0
4.374 1
4.374 0
4.375333 0
4.382 1
4.382 0
4.383333 0
4.39 1
4.39 0
4.391333 0
4.398 1
4.398 0
4.399333 0
4.406 1
4.406 0
4.407333 0
4.414 1
4.414 0
4.415333 0
4.422 1
4.422 0
4.423333 0
4.43 1
4.43 0
4.431333 0
4.438 1
4.438 0
4.439333 0
4.446 1
4.446 0
4.447333 0
4.454 1
4.454 0
4.455333 0
4.462 1
4.462 0
4.463333 0
4.47 1
4.47 0
4.471333 0
4.478 1
4.478 0
4.479333 0
4.486 1
4.486 0
4.487333 0
4.494 1
4.494 0
4.495333 0
4.502 1
4.502 0
4.503333 0
4.51 1
4.51 0
4.511333 0
4.518 1
4.518 0
4.519333 0
4.526 1
4.526 0
4.527333 0
4.534 1
4.534 0
4.535333 0
4.542 1
4.542 0
4.543333 0
4.55 1
4.55 0
4.551333 0
4.558 1
4.558 0
4.559333 0
4.566 1
4.566 0
4.567333 0
4.574 1
4.574 0
4.575333 0
4.582 1
4.582 0
4.583333 0
4.59 1
4.59 0
4.591333 0
4.598 1
4.598 0
4.599333 0
4.606 1
4.606 0
4.607333 0
4.614 1
4.614 0
4.615333 0
4.622 1
4.622 0
4.623333 0
4.63 1
4.63 0
4.631333 0
4.638 1
4.638 0
4.639333 0
4.646 1
4.646 0
4.647333 0
4.654 1
4.654 0
4.655333 0
4.662 1
4.662 0
4.663333 0
4.67 1
4.67 0
4.671333 0
4.678 1
4.678 0
4.679333 0
4.686 1
4.686 0
4.687333 0
4.694 1
4.694 0
4.695333 0
4.702 1
4.702 0
4.703333 0
4.71 1
4.71 0
4.711333 0
4.718 1
4.718 0
4.719333 0
4.726 1
4.726 0
4.727333 0
4.734 1
4.734 0
4.735333 0
4.742 1
4.742 0
4.743333 0
4.75 1
4.75 0
4.751333 0
4.758 1
4.758 0
4.759333 0
4.766 1
4.766 0
4.767333 0
4.774 1
4.774 0
4.775333 0
4.782 1
4.782 0
4.783333 0
4.79 1
4.79 0
4.791333 0
4.798 1
4.798 0
4.799333 0
4.806 1
4.806 0
4.807333 0
4.814 1
4.814 0
4.815333 0
4.822 1
4.822 0
4.823333 0
4.83 1
4.83 0
4.831333 0
4.838 1
4.838 0
4.839333 0
4.846 1
4.846 0
4.847333 0
4.854 1
4.854 0
4.855333 0
4.862 1
4.862 0
4.863333 0
4.87 1
4.87 0
4.871333 0
4.878 1
4.878 0
4.879333 0
4.886 1
4.886 0
4.887333 0
4.894 1
4.894 0
4.895333 0
4.902 1
4.902 0
4.903333 0
4.91 1
4.91 0
4.911333 0
4.918 1
4.918 0
4.919333 0
4.926 1
4.926 0
4.927333 0
4.934 1
4.934 0
4.935333 0
4.942 1
4.942 0
4.943333 0
4.95 1
4.95 0
4.951333 0
4.958 1
4.958 0
4.959333 0
4.966 1
4.966 0
4.967333 0
4.974 1
4.974 0
4.975333 0
4.982 1
4.982 0
4.983333 0
4.99 1
4.99 0
4.991333 0
4.998 1
4.998 0
4.999333 0
